Окружение на момент начала сборки:
ALLUSERSPROFILE = C:\ProgramData
APPDATA = C:\Users\leo71\AppData\Roaming
CommonProgramFiles = C:\Program Files (x86)\Common Files
CommonProgramFiles(x86) = C:\Program Files (x86)\Common Files
CommonProgramW6432 = C:\Program Files\Common Files
COMPUTERNAME = SIMPLEMAKING
ComSpec = C:\WINDOWS\system32\cmd.exe
DOCKER_TOOLBOX_INSTALL_PATH = C:\Program Files\Docker Toolbox
DriverData = C:\Windows\System32\Drivers\DriverData
ForceIdentityAuthenticationType = Embedded
FPS_BROWSER_APP_PROFILE_STRING = Internet Explorer
FPS_BROWSER_USER_PROFILE_STRING = Default
HOMEDRIVE = C:
HOMEPATH = \Users\leo71
LOCALAPPDATA = C:\Users\leo71\AppData\Local
LOGONSERVER = \\SIMPLEMAKING
MAIL_PASSWORD = qctetuaboxunlvkv
MAIL_USERNAME = leokazantsev19@gmail.com
MSBuildLoadMicrosoftTargetsReadOnly = true
MSMPI_BENCHMARKS = C:\Program Files\Microsoft MPI\Benchmarks\
MSMPI_BIN = C:\Program Files\Microsoft MPI\Bin\
NUMBER_OF_PROCESSORS = 8
OneDrive = C:\Users\leo71\OneDrive
OS = Windows_NT
Path = C:\Program Files (x86)\Common Files\Oracle\Java\javapath;C:\Program Files\Microsoft MPI\Bin\;C:\Windows\system32;C:\Windows;C:\Windows\System32\Wbem;C:\Windows\System32\WindowsPowerShell\v1.0\;C:\Windows\System32\OpenSSH\;C:\Program Files (x86)\NVIDIA Corporation\PhysX\Common;C:\WINDOWS\system32;C:\WINDOWS;C:\WINDOWS\System32\Wbem;C:\WINDOWS\System32\WindowsPowerShell\v1.0\;C:\WINDOWS\System32\OpenSSH\;C:\Program Files\Microsoft SQL Server\Client SDK\ODBC\170\Tools\Binn\;C:\Program Files\dotnet\;C:\Program Files (x86)\Microsoft SQL Server\150\Tools\Binn\;C:\Program Files\Microsoft SQL Server\150\Tools\Binn\;C:\Program Files (x86)\Microsoft SQL Server\150\DTS\Binn\;C:\Program Files\Microsoft SQL Server\150\DTS\Binn\;C:\Program Files\Azure Data Studio\bin;C:\Program Files\Microsoft SQL Server\130\Tools\Binn\;C:\git system\Git\cmd;C:\matlab\bin;C:\Program Files (x86)\dotnet\;C:\Program Files\Docker\Docker\resources\bin;C:\ProgramData\DockerDesktop\version-bin;C:\Users\leo71\AppData\Local\Programs\Python\Python39\Scripts\;C:\Users\leo71\AppData\Local\Programs\Python\Python39\;C:\Users\leo71\AppData\Local\Programs\Python\Python310\Scripts\;C:\Users\leo71\AppData\Local\Programs\Python\Python310\;C:\Users\leo71\AppData\Local\Microsoft\WindowsApps;C:\Program Files\heroku\bin;C:\Users\leo71\.dotnet\tools;C:\Program Files\Azure Data Studio\bin;C:\PyCharm\PyCharm Community Edition 2021.2.1\bin;;C:\MinGW\bin;C:\Program Files\Docker Toolbox;C:\PostgreSQL\13\bin;
PATHEXT = .COM;.EXE;.BAT;.CMD;.VBS;.VBE;.JS;.JSE;.WSF;.WSH;.MSC
PkgDefApplicationConfigFile = C:\Users\leo71\AppData\Local\Microsoft\VisualStudio\16.0_f101162b\devenv.exe.config
PROCESSOR_ARCHITECTURE = x86
PROCESSOR_ARCHITEW6432 = AMD64
PROCESSOR_IDENTIFIER = AMD64 Family 23 Model 96 Stepping 1, AuthenticAMD
PROCESSOR_LEVEL = 23
PROCESSOR_REVISION = 6001
ProgramData = C:\ProgramData
ProgramFiles = C:\Program Files (x86)
ProgramFiles(x86) = C:\Program Files (x86)
ProgramW6432 = C:\Program Files
PSModulePath = C:\Program Files\WindowsPowerShell\Modules;C:\WINDOWS\system32\WindowsPowerShell\v1.0\Modules;C:\Program Files (x86)\Microsoft SQL Server\150\Tools\PowerShell\Modules\
PUBLIC = C:\Users\Public
PyCharm Community Edition = C:\PyCharm\PyCharm Community Edition 2021.2.1\bin;
ServiceHubLogSessionKey = D8B8AC93
SESSIONNAME = Console
SignInWithHomeTenantOnly = False
SystemDrive = C:
SystemRoot = C:\WINDOWS
TEMP = C:\Users\leo71\AppData\Local\Temp
ThreadedWaitDialogDpiContext = -4
TMP = C:\Users\leo71\AppData\Local\Temp
USERDOMAIN = SIMPLEMAKING
USERDOMAIN_ROAMINGPROFILE = SIMPLEMAKING
USERNAME = leo71
USERPROFILE = C:\Users\leo71
VisualStudioDir = C:\Users\leo71\OneDrive\Документы\Visual Studio 2019
VisualStudioEdition = Microsoft Visual Studio Community 2019
VisualStudioVersion = 16.0
VSAPPIDDIR = C:\Program Files (x86)\Microsoft Visual Studio\2019\Community\Common7\IDE\
VSAPPIDNAME = devenv.exe
VSLANG = 1049
VSLS_SESSION_KEEPALIVE_INTERVAL = 0
VSSKUEDITION = Community
windir = C:\WINDOWS

  Main.cpp
C:\Users\leo71\source\5_sem\C++\Lab_9\Main_Header.h(68,1): warning C4267: return: преобразование из "size_t" в "int"; возможна потеря данных
C:\Users\leo71\source\5_sem\C++\Lab_9\Main.cpp(14,28): warning C4267: аргумент: преобразование из "size_t" в "_Ty"; возможна потеря данных
          with
          [
              _Ty=int
          ]
C:\Users\leo71\source\5_sem\C++\Lab_9\Main.cpp(35,21): warning C4244: инициализация: преобразование "__int64" в "int", возможна потеря данных
C:\Users\leo71\source\5_sem\C++\Lab_9\Main.cpp(92,12): warning C4244: аргумент: преобразование "time_t" в "unsigned int", возможна потеря данных
  Lab_9.vcxproj -> C:\Users\leo71\source\5_sem\C++\Lab_9\x64\Debug\Lab_9.exe
